--- [SYSTEM] PACK: 'ext-system' (*.orig.tar.xz)
File '*.orig.tar.*' not found! Creating...
File 'ext-system_1.0.1.orig.tar.xz' created!
--- [SYSTEM] BUILD: 'github.com/pkgstore/linux-deb-ext-system.git'
dpkg-source: info: using source format '3.0 (quilt)'
dpkg-source: info: building ext-system using existing ./ext-system_1.0.1.orig.tar.xz
dpkg-source: warning: ignoring deletion of file apt_auto.sh, use --include-removal to override
dpkg-source: warning: ignoring deletion of directory cron.d
dpkg-source: warning: ignoring deletion of file cron.d/apt_auto, use --include-removal to override
dpkg-source: warning: ignoring deletion of directory sysctl.d
dpkg-source: warning: ignoring deletion of file sysctl.d/00-sysctl.custom.conf, use --include-removal to override
dpkg-source: info: building ext-system in ext-system_1.0.1-10.debian.tar.xz
dpkg-source: info: building ext-system in ext-system_1.0.1-10.dsc
File 'ext-system_1.0.1-10.dsc' found!
Build completed!
--- [SYSTEM] MOVE: '/root/git/repo_src' -> '/root/git/repo_dst'
Removing old files from repository...
Moving new files to repository...
renamed '/root/git/repo_src/_service' -> '/root/git/repo_dst/_service'
renamed '/root/git/repo_src/_meta' -> '/root/git/repo_dst/_meta'
renamed '/root/git/repo_src/README.md' -> '/root/git/repo_dst/README.md'
renamed '/root/git/repo_src/LICENSE' -> '/root/git/repo_dst/LICENSE'
renamed '/root/git/repo_src/ext-system_1.0.1-10.debian.tar.xz' -> '/root/git/repo_dst/ext-system_1.0.1-10.debian.tar.xz'
renamed '/root/git/repo_src/ext-system_1.0.1.orig.tar.xz' -> '/root/git/repo_dst/ext-system_1.0.1.orig.tar.xz'
renamed '/root/git/repo_src/ext-system_1.0.1-10.dsc' -> '/root/git/repo_dst/ext-system_1.0.1-10.dsc'
renamed '/root/git/repo_src/build.log' -> '/root/git/repo_dst/build.log'
